[debug] [2022-04-02T02:53:19.303Z] ----------------------------------------------------------------------
[debug] [2022-04-02T02:53:19.307Z] Command:       C:\Users\antoi\DOWNLO~1\firebase-tools-instant-win.exe C:\Users\antoi\.cache\firebase\tools\lib\node_modules\firebase-tools\lib\bin\firebase emulators:start
[debug] [2022-04-02T02:53:19.308Z] CLI Version:   10.5.0
[debug] [2022-04-02T02:53:19.308Z] Platform:      win32
[debug] [2022-04-02T02:53:19.308Z] Node Version:  v12.18.1
[debug] [2022-04-02T02:53:19.310Z] Time:          Fri Apr 01 2022 22:53:19 GMT-0400 (GMT-04:00)
[debug] [2022-04-02T02:53:19.310Z] ----------------------------------------------------------------------
[debug] 
[debug] [2022-04-02T02:53:19.375Z] > command requires scopes: ["email","openid","https://www.googleapis.com/auth/cloudplatformprojects.readonly","https://www.googleapis.com/auth/firebase","https://www.googleapis.com/auth/cloud-platform"]
[debug] [2022-04-02T02:53:19.375Z] > authorizing via signed-in user (redskyi.antoine@gmail.com)
[debug] [2022-04-02T02:53:21.272Z] java version "17.0.1" 2021-10-19 LTS

[debug] [2022-04-02T02:53:21.273Z] Java(TM) SE Runtime Environment (build 17.0.1+12-LTS-39)
Java HotSpot(TM) 64-Bit Server VM (build 17.0.1+12-LTS-39, mixed mode, sharing)

[debug] [2022-04-02T02:53:21.291Z] Parsed Java major version: 17
[info] i  emulators: Starting emulators: firestore {"metadata":{"emulator":{"name":"hub"},"message":"Starting emulators: firestore"}}
[debug] [2022-04-02T02:53:23.349Z] [hub] writing locator at C:\Users\antoi\AppData\Local\Temp\hub-beepy-55f0a.json
[info] i  firestore: downloading cloud-firestore-emulator-v1.14.1.jar... {"metadata":{"emulator":{"name":"firestore"},"message":"downloading cloud-firestore-emulator-v1.14.1.jar..."}}
[debug] [2022-04-02T02:53:25.414Z] >>> [apiv2][query] GET https://storage.googleapis.com/firebase-preview-drop/emulator/cloud-firestore-emulator-v1.14.1.jar 
[debug] [2022-04-02T02:53:25.626Z] <<< [apiv2][status] GET https://storage.googleapis.com/firebase-preview-drop/emulator/cloud-firestore-emulator-v1.14.1.jar 200
[debug] [2022-04-02T02:53:25.633Z] <<< [apiv2][body] GET https://storage.googleapis.com/firebase-preview-drop/emulator/cloud-firestore-emulator-v1.14.1.jar [stream]
[debug] [2022-04-02T02:53:28.871Z] Ignoring unsupported arg: projectId {"metadata":{"emulator":{"name":"firestore"},"message":"Ignoring unsupported arg: projectId"}}
[debug] [2022-04-02T02:53:28.871Z] Ignoring unsupported arg: auto_download {"metadata":{"emulator":{"name":"firestore"},"message":"Ignoring unsupported arg: auto_download"}}
[debug] [2022-04-02T02:53:28.872Z] Starting Firestore Emulator with command {"binary":"java","args":["-Dgoogle.cloud_firestore.debug_log_level=FINE","-Duser.language=en","-jar","C:\\Users\\antoi\\.cache\\firebase\\emulators\\cloud-firestore-emulator-v1.14.1.jar","--host","localhost","--port",8080,"--rules","C:\\Users\\antoi\\Development\\Android\\Beepy\\firestore.rules"],"optionalArgs":["port","webchannel_port","host","rules","functions_emulator","seed_from_export"],"joinArgs":false} {"metadata":{"emulator":{"name":"firestore"},"message":"Starting Firestore Emulator with command {\"binary\":\"java\",\"args\":[\"-Dgoogle.cloud_firestore.debug_log_level=FINE\",\"-Duser.language=en\",\"-jar\",\"C:\\\\Users\\\\antoi\\\\.cache\\\\firebase\\\\emulators\\\\cloud-firestore-emulator-v1.14.1.jar\",\"--host\",\"localhost\",\"--port\",8080,\"--rules\",\"C:\\\\Users\\\\antoi\\\\Development\\\\Android\\\\Beepy\\\\firestore.rules\"],\"optionalArgs\":[\"port\",\"webchannel_port\",\"host\",\"rules\",\"functions_emulator\",\"seed_from_export\"],\"joinArgs\":false}"}}
[info] i  firestore: Firestore Emulator logging to firestore-debug.log {"metadata":{"emulator":{"name":"firestore"},"message":"Firestore Emulator logging to \u001b[1mfirestore-debug.log\u001b[22m"}}
[info] i  ui: downloading ui-v1.6.5.zip... {"metadata":{"emulator":{"name":"ui"},"message":"downloading ui-v1.6.5.zip..."}}
[debug] [2022-04-02T02:53:35.805Z] >>> [apiv2][query] GET https://storage.googleapis.com/firebase-preview-drop/emulator/ui-v1.6.5.zip 
[debug] [2022-04-02T02:53:35.965Z] <<< [apiv2][status] GET https://storage.googleapis.com/firebase-preview-drop/emulator/ui-v1.6.5.zip 200
[debug] [2022-04-02T02:53:35.966Z] <<< [apiv2][body] GET https://storage.googleapis.com/firebase-preview-drop/emulator/ui-v1.6.5.zip [stream]
[debug] [2022-04-02T02:53:37.186Z] Ignoring unsupported arg: auto_download {"metadata":{"emulator":{"name":"ui"},"message":"Ignoring unsupported arg: auto_download"}}
[debug] [2022-04-02T02:53:37.186Z] Ignoring unsupported arg: port {"metadata":{"emulator":{"name":"ui"},"message":"Ignoring unsupported arg: port"}}
[debug] [2022-04-02T02:53:37.187Z] Starting Emulator UI with command {"binary":"node","args":["C:\\Users\\antoi\\.cache\\firebase\\emulators\\ui-v1.6.5\\server.bundle.js"],"optionalArgs":[],"joinArgs":false} {"metadata":{"emulator":{"name":"ui"},"message":"Starting Emulator UI with command {\"binary\":\"node\",\"args\":[\"C:\\\\Users\\\\antoi\\\\.cache\\\\firebase\\\\emulators\\\\ui-v1.6.5\\\\server.bundle.js\"],\"optionalArgs\":[],\"joinArgs\":false}"}}
[info] i  ui: Emulator UI logging to ui-debug.log {"metadata":{"emulator":{"name":"ui"},"message":"Emulator UI logging to \u001b[1mui-debug.log\u001b[22m"}}
[debug] [2022-04-02T02:53:37.544Z] Web / API server started at localhost:4000
 {"metadata":{"emulator":{"name":"ui"},"message":"Web / API server started at localhost:4000\n"}}
[info] 
┌─────────────────────────────────────────────────────────────┐
│ ✔  All emulators ready! It is now safe to connect your app. │
│ i  View Emulator UI at http://localhost:4000                │
└─────────────────────────────────────────────────────────────┘

┌───────────┬────────────────┬─────────────────────────────────┐
│ Emulator  │ Host:Port      │ View in Emulator UI             │
├───────────┼────────────────┼─────────────────────────────────┤
│ Firestore │ localhost:8080 │ http://localhost:4000/firestore │
└───────────┴────────────────┴─────────────────────────────────┘
  Emulator Hub running at localhost:4400
  Other reserved ports: 4500

Issues? Report them at https://github.com/firebase/firebase-tools/issues and attach the *-debug.log files.
 
[debug] [2022-04-02T18:16:01.112Z] ----------------------------------------------------------------------
[debug] [2022-04-02T18:16:01.117Z] Command:       C:\Users\antoi\DOWNLO~1\firebase-tools-instant-win.exe C:\Users\antoi\.cache\firebase\tools\lib\node_modules\firebase-tools\lib\bin\firebase emulators:start
[debug] [2022-04-02T18:16:01.117Z] CLI Version:   10.5.0
[debug] [2022-04-02T18:16:01.117Z] Platform:      win32
[debug] [2022-04-02T18:16:01.118Z] Node Version:  v12.18.1
[debug] [2022-04-02T18:16:01.119Z] Time:          Sat Apr 02 2022 14:16:01 GMT-0400 (GMT-04:00)
[debug] [2022-04-02T18:16:01.119Z] ----------------------------------------------------------------------
[debug] 
[debug] [2022-04-02T18:16:01.236Z] > command requires scopes: ["email","openid","https://www.googleapis.com/auth/cloudplatformprojects.readonly","https://www.googleapis.com/auth/firebase","https://www.googleapis.com/auth/cloud-platform"]
[debug] [2022-04-02T18:16:01.237Z] > authorizing via signed-in user (redskyi.antoine@gmail.com)
[debug] [2022-04-02T18:16:04.255Z] java version "17.0.1" 2021-10-19 LTS

[debug] [2022-04-02T18:16:04.256Z] Java(TM) SE Runtime Environment (build 17.0.1+12-LTS-39)
Java HotSpot(TM) 64-Bit Server VM (build 17.0.1+12-LTS-39, mixed mode, sharing)

[debug] [2022-04-02T18:16:04.286Z] Parsed Java major version: 17
[info] i  emulators: Starting emulators: firestore {"metadata":{"emulator":{"name":"hub"},"message":"Starting emulators: firestore"}}
[warn] !  emulators: It seems that you are running multiple instances of the emulator suite for project beepy-55f0a. This may result in unexpected behavior. 
[debug] [2022-04-02T18:16:06.337Z] [hub] writing locator at C:\Users\antoi\AppData\Local\Temp\hub-beepy-55f0a.json
[debug] [2022-04-02T18:16:08.397Z] Ignoring unsupported arg: projectId {"metadata":{"emulator":{"name":"firestore"},"message":"Ignoring unsupported arg: projectId"}}
[debug] [2022-04-02T18:16:08.398Z] Ignoring unsupported arg: auto_download {"metadata":{"emulator":{"name":"firestore"},"message":"Ignoring unsupported arg: auto_download"}}
[debug] [2022-04-02T18:16:08.398Z] Starting Firestore Emulator with command {"binary":"java","args":["-Dgoogle.cloud_firestore.debug_log_level=FINE","-Duser.language=en","-jar","C:\\Users\\antoi\\.cache\\firebase\\emulators\\cloud-firestore-emulator-v1.14.1.jar","--host","localhost","--port",8080,"--rules","C:\\Users\\antoi\\Development\\Android\\Beepy\\firestore.rules"],"optionalArgs":["port","webchannel_port","host","rules","functions_emulator","seed_from_export"],"joinArgs":false} {"metadata":{"emulator":{"name":"firestore"},"message":"Starting Firestore Emulator with command {\"binary\":\"java\",\"args\":[\"-Dgoogle.cloud_firestore.debug_log_level=FINE\",\"-Duser.language=en\",\"-jar\",\"C:\\\\Users\\\\antoi\\\\.cache\\\\firebase\\\\emulators\\\\cloud-firestore-emulator-v1.14.1.jar\",\"--host\",\"localhost\",\"--port\",8080,\"--rules\",\"C:\\\\Users\\\\antoi\\\\Development\\\\Android\\\\Beepy\\\\firestore.rules\"],\"optionalArgs\":[\"port\",\"webchannel_port\",\"host\",\"rules\",\"functions_emulator\",\"seed_from_export\"],\"joinArgs\":false}"}}
[info] i  firestore: Firestore Emulator logging to firestore-debug.log {"metadata":{"emulator":{"name":"firestore"},"message":"Firestore Emulator logging to \u001b[1mfirestore-debug.log\u001b[22m"}}
[debug] [2022-04-02T18:16:15.317Z] Ignoring unsupported arg: auto_download {"metadata":{"emulator":{"name":"ui"},"message":"Ignoring unsupported arg: auto_download"}}
[debug] [2022-04-02T18:16:15.318Z] Ignoring unsupported arg: port {"metadata":{"emulator":{"name":"ui"},"message":"Ignoring unsupported arg: port"}}
[debug] [2022-04-02T18:16:15.318Z] Starting Emulator UI with command {"binary":"node","args":["C:\\Users\\antoi\\.cache\\firebase\\emulators\\ui-v1.6.5\\server.bundle.js"],"optionalArgs":[],"joinArgs":false} {"metadata":{"emulator":{"name":"ui"},"message":"Starting Emulator UI with command {\"binary\":\"node\",\"args\":[\"C:\\\\Users\\\\antoi\\\\.cache\\\\firebase\\\\emulators\\\\ui-v1.6.5\\\\server.bundle.js\"],\"optionalArgs\":[],\"joinArgs\":false}"}}
[info] i  ui: Emulator UI logging to ui-debug.log {"metadata":{"emulator":{"name":"ui"},"message":"Emulator UI logging to \u001b[1mui-debug.log\u001b[22m"}}
[debug] [2022-04-02T18:16:15.810Z] Web / API server started at localhost:4000
 {"metadata":{"emulator":{"name":"ui"},"message":"Web / API server started at localhost:4000\n"}}
[info] 
┌─────────────────────────────────────────────────────────────┐
│ ✔  All emulators ready! It is now safe to connect your app. │
│ i  View Emulator UI at http://localhost:4000                │
└─────────────────────────────────────────────────────────────┘

┌───────────┬────────────────┬─────────────────────────────────┐
│ Emulator  │ Host:Port      │ View in Emulator UI             │
├───────────┼────────────────┼─────────────────────────────────┤
│ Firestore │ localhost:8080 │ http://localhost:4000/firestore │
└───────────┴────────────────┴─────────────────────────────────┘
  Emulator Hub running at localhost:4400
  Other reserved ports: 4500

Issues? Report them at https://github.com/firebase/firebase-tools/issues and attach the *-debug.log files.
 
[warn] !  firestore: Fatal error occurred: 
   Firestore Emulator has exited with code: 3221225786, 
   stopping all running emulators {"metadata":{"emulator":{"name":"firestore"},"message":"Fatal error occurred: \n   Firestore Emulator has exited with code: 3221225786, \n   stopping all running emulators"}}
[info] i  ui: Stopping Emulator UI {"metadata":{"emulator":{"name":"ui"},"message":"Stopping Emulator UI"}}
[warn] !  Emulator UI has exited upon receiving signal: SIGINT 
[info] i  firestore: Stopping Firestore Emulator {"metadata":{"emulator":{"name":"firestore"},"message":"Stopping Firestore Emulator"}}
